# JRE version: OpenJDK Runtime Environment (21.0.6) (build 21.0.6+-13391695-b895.109)
# Java VM: OpenJDK 64-Bit Server VM (21.0.6+-13391695-b895.109, mixed mode, tiered, compressed oops, compressed class ptrs, g1 gc, windows-amd64)
GC Precious Log:
 CardTable entry size: 512
 Card Set container configuration: InlinePtr #cards 5 size 8 Array Of Cards #cards 12 size 40 Howl #buckets 4 coarsen threshold 1843 Howl Bitmap #cards 512 size 80 coarsen threshold 460 Card regions per heap region 1 cards per card region 2048
 CPUs: 8 total, 8 available
 Memory: 32702M
 Large Page Support: Disabled
 NUMA Support: Disabled
 Compressed Oops: Enabled (32-bit)
 Heap Region Size: 1M
 Heap Min Capacity: 8M
 Heap Initial Capacity: 512M
 Heap Max Capacity: 2G
 Pre-touch: Disabled
 Parallel Workers: 8
 Concurrent Workers: 2
 Concurrent Refinement Workers: 8
 Periodic GC: Disabled
Heap:
 garbage-first heap   total 439296K, used 361472K [0x0000000080000000, 0x0000000100000000)
  region size 1024K, 87 young (89088K), 8 survivors (8192K)
 Metaspace       used 212971K, committed 216064K, reserved 1245184K
  class space    used 27163K, committed 28736K, reserved 1048576K
GC Heap History (20 events):
Event: 15.473 GC heap before
{Heap before GC invocations=32 (full 0):
 garbage-first heap   total 384000K, used 355628K [0x0000000080000000, 0x0000000100000000)
  region size 1024K, 123 young (125952K), 6 survivors (6144K)
 Metaspace       used 174752K, committed 177600K, reserved 1245184K
  class space    used 22519K, committed 23936K, reserved 1048576K
}
Event: 15.480 GC heap after
{Heap after GC invocations=33 (full 0):
 garbage-first heap   total 384000K, used 230859K [0x0000000080000000, 0x0000000100000000)
  region size 1024K, 11 young (11264K), 11 survivors (11264K)
 Metaspace       used 174752K, committed 177600K, reserved 1245184K
  class space    used 22519K, committed 23936K, reserved 1048576K
}
Event: 15.986 GC heap before
{Heap before GC invocations=33 (full 0):
 garbage-first heap   total 384000K, used 350667K [0x0000000080000000, 0x0000000100000000)
  region size 1024K, 129 young (132096K), 11 survivors (11264K)
 Metaspace       used 176868K, committed 179776K, reserved 1245184K
  class space    used 22783K, committed 24256K, reserved 1048576K
}
Event: 15.993 GC heap after
{Heap after GC invocations=34 (full 0):
 garbage-first heap   total 384000K, used 236399K [0x0000000080000000, 0x0000000100000000)
  region size 1024K, 12 young (12288K), 12 survivors (12288K)
 Metaspace       used 176868K, committed 179776K, reserved 1245184K
  class space    used 22783K, committed 24256K, reserved 1048576K
}
Event: 16.477 GC heap before
{Heap before GC invocations=35 (full 0):
 garbage-first heap   total 396288K, used 350063K [0x0000000080000000, 0x0000000100000000)
  region size 1024K, 123 young (125952K), 12 survivors (12288K)
 Metaspace       used 176879K, committed 179776K, reserved 1245184K
  class space    used 22785K, committed 24256K, reserved 1048576K
}
Event: 16.516 GC heap after
{Heap after GC invocations=36 (full 0):
 garbage-first heap   total 396288K, used 239965K [0x0000000080000000, 0x0000000100000000)
  region size 1024K, 10 young (10240K), 10 survivors (10240K)
 Metaspace       used 176879K, committed 179776K, reserved 1245184K
  class space    used 22785K, committed 24256K, reserved 1048576K
}
Event: 17.387 GC heap before
{Heap before GC invocations=36 (full 0):
 garbage-first heap   total 396288K, used 364893K [0x0000000080000000, 0x0000000100000000)
  region size 1024K, 131 young (134144K), 10 survivors (10240K)
 Metaspace       used 184631K, committed 187520K, reserved 1245184K
  class space    used 23770K, committed 25152K, reserved 1048576K
}
Event: 17.395 GC heap after
{Heap after GC invocations=37 (full 0):
 garbage-first heap   total 396288K, used 239758K [0x0000000080000000, 0x0000000100000000)
  region size 1024K, 11 young (11264K), 11 survivors (11264K)
 Metaspace       used 184631K, committed 187520K, reserved 1245184K
  class space    used 23770K, committed 25152K, reserved 1048576K
}
Event: 17.804 GC heap before
{Heap before GC invocations=37 (full 0):
 garbage-first heap   total 396288K, used 296078K [0x0000000080000000, 0x0000000100000000)
  region size 1024K, 68 young (69632K), 11 survivors (11264K)
 Metaspace       used 189279K, committed 192192K, reserved 1245184K
  class space    used 24329K, committed 25792K, reserved 1048576K
}
Event: 17.811 GC heap after
{Heap after GC invocations=38 (full 0):
 garbage-first heap   total 396288K, used 244638K [0x0000000080000000, 0x0000000100000000)
  region size 1024K, 12 young (12288K), 12 survivors (12288K)
 Metaspace       used 189279K, committed 192192K, reserved 1245184K
  class space    used 24329K, committed 25792K, reserved 1048576K
}
Event: 18.886 GC heap before
{Heap before GC invocations=39 (full 0):
 garbage-first heap   total 418816K, used 365470K [0x0000000080000000, 0x0000000100000000)
  region size 1024K, 126 young (129024K), 12 survivors (12288K)
 Metaspace       used 197164K, committed 200128K, reserved 1245184K
  class space    used 25218K, committed 26688K, reserved 1048576K
}
Event: 18.895 GC heap after
{Heap after GC invocations=40 (full 0):
 garbage-first heap   total 418816K, used 254050K [0x0000000080000000, 0x0000000100000000)
  region size 1024K, 16 young (16384K), 16 survivors (16384K)
 Metaspace       used 197164K, committed 200128K, reserved 1245184K
  class space    used 25218K, committed 26688K, reserved 1048576K
}
Event: 23.861 GC heap before
{Heap before GC invocations=40 (full 0):
 garbage-first heap   total 418816K, used 378978K [0x0000000080000000, 0x0000000100000000)
  region size 1024K, 139 young (142336K), 16 survivors (16384K)
 Metaspace       used 203283K, committed 206400K, reserved 1245184K
  class space    used 25965K, committed 27520K, reserved 1048576K
}
Event: 23.871 GC heap after
{Heap after GC invocations=41 (full 0):
 garbage-first heap   total 418816K, used 248650K [0x0000000080000000, 0x0000000100000000)
  region size 1024K, 12 young (12288K), 12 survivors (12288K)
 Metaspace       used 203283K, committed 206400K, reserved 1245184K
  class space    used 25965K, committed 27520K, reserved 1048576K
}
Event: 24.654 GC heap before
{Heap before GC invocations=41 (full 0):
 garbage-first heap   total 418816K, used 384842K [0x0000000080000000, 0x0000000100000000)
  region size 1024K, 145 young (148480K), 12 survivors (12288K)
 Metaspace       used 208607K, committed 211712K, reserved 1245184K
  class space    used 26592K, committed 28160K, reserved 1048576K
}
Event: 24.664 GC heap after
{Heap after GC invocations=42 (full 0):
 garbage-first heap   total 418816K, used 262457K [0x0000000080000000, 0x0000000100000000)
  region size 1024K, 13 young (13312K), 13 survivors (13312K)
 Metaspace       used 208607K, committed 211712K, reserved 1245184K
  class space    used 26592K, committed 28160K, reserved 1048576K
}
Event: 25.203 GC heap before
{Heap before GC invocations=43 (full 0):
 garbage-first heap   total 439296K, used 381241K [0x0000000080000000, 0x0000000100000000)
  region size 1024K, 130 young (133120K), 13 survivors (13312K)
 Metaspace       used 209760K, committed 212928K, reserved 1245184K
  class space    used 26794K, committed 28352K, reserved 1048576K
}
Event: 25.215 GC heap after
{Heap after GC invocations=44 (full 0):
 garbage-first heap   total 439296K, used 280064K [0x0000000080000000, 0x0000000100000000)
  region size 1024K, 17 young (17408K), 17 survivors (17408K)
 Metaspace       used 209760K, committed 212928K, reserved 1245184K
  class space    used 26794K, committed 28352K, reserved 1048576K
}
Event: 25.642 GC heap before
{Heap before GC invocations=44 (full 0):
 garbage-first heap   total 439296K, used 397824K [0x0000000080000000, 0x0000000100000000)
  region size 1024K, 133 young (136192K), 17 survivors (17408K)
 Metaspace       used 210346K, committed 213440K, reserved 1245184K
  class space    used 26866K, committed 28416K, reserved 1048576K
}
Event: 25.652 GC heap after
{Heap after GC invocations=45 (full 0):
 garbage-first heap   total 439296K, used 282624K [0x0000000080000000, 0x0000000100000000)
  region size 1024K, 8 young (8192K), 8 survivors (8192K)
 Metaspace       used 210346K, committed 213440K, reserved 1245184K
  class space    used 26866K, committed 28416K, reserved 1048576K
}

